GET - / - Tue, 04 Jun 2024 02:47:36 GMT - 1.027 ms
GET - /admin/login - Tue, 04 Jun 2024 03:31:12 GMT - 4360.153 ms
GET - /favicon.ico - Tue, 04 Jun 2024 03:31:13 GMT - 0.641 ms
POST - /admin/login - Tue, 04 Jun 2024 03:31:35 GMT - 1.459 ms
GET - /admin/dashboard - Tue, 04 Jun 2024 03:31:35 GMT - 0.623 ms
GET - /admin/dashboard - Tue, 04 Jun 2024 03:31:58 GMT - 3.082 ms
GET - /admin/login - Tue, 04 Jun 2024 03:32:03 GMT - 3949.540 ms
GET - /admin/login - Tue, 04 Jun 2024 03:32:03 GMT - 8.971 ms
POST - /admin/login - Tue, 04 Jun 2024 03:32:08 GMT - 1.014 ms
GET - /dashboard - Tue, 04 Jun 2024 03:32:08 GMT - 0.610 ms
GET - /admin/login - Tue, 04 Jun 2024 03:33:09 GMT - 7.830 ms
POST - /admin/login - Tue, 04 Jun 2024 03:33:17 GMT - 0.642 ms
GET - /dashboard - Tue, 04 Jun 2024 03:33:17 GMT - 0.508 ms
GET - /dashboard - Tue, 04 Jun 2024 03:35:38 GMT - 1.224 ms
GET - /admin/login - Tue, 04 Jun 2024 03:35:59 GMT - 4063.041 ms
POST - /admin/login - Tue, 04 Jun 2024 03:36:33 GMT - 1.161 ms
GET - /dashboard - Tue, 04 Jun 2024 03:36:33 GMT - 0.389 ms
GET - /dashboard - Tue, 04 Jun 2024 03:37:05 GMT - 0.350 ms
GET - /dashboard - Tue, 04 Jun 2024 03:37:08 GMT - 0.420 ms
GET - /dashboard - Tue, 04 Jun 2024 03:37:09 GMT - 0.506 ms
GET - /dashboard - Tue, 04 Jun 2024 03:37:10 GMT - 0.424 ms
GET - /dashboard - Tue, 04 Jun 2024 03:37:36 GMT - 1.403 ms
GET - /admin/login - Tue, 04 Jun 2024 03:38:15 GMT - 3692.057 ms
POST - /admin/login - Tue, 04 Jun 2024 03:38:37 GMT - 1.393 ms
GET - /dashboard - Tue, 04 Jun 2024 03:38:37 GMT - 0.863 ms
GET - /admin/login - Tue, 04 Jun 2024 03:39:25 GMT - 3845.965 ms
POST - /admin/login - Tue, 04 Jun 2024 03:39:44 GMT - 1.443 ms
GET - /dashboard - Tue, 04 Jun 2024 03:39:44 GMT - 1.427 ms
GET - /admin/login - Tue, 04 Jun 2024 03:41:10 GMT - 3798.942 ms
POST - /admin/login - Tue, 04 Jun 2024 03:41:24 GMT - 2.287 ms
GET - /dashboard - Tue, 04 Jun 2024 03:41:24 GMT - 0.964 ms
GET - /admin/login - Tue, 04 Jun 2024 03:42:12 GMT - 3620.445 ms
POST - /admin/login - Tue, 04 Jun 2024 03:42:28 GMT - 1.670 ms
GET - /dashboard - Tue, 04 Jun 2024 03:42:28 GMT - 1.036 ms
GET - /dashboard - Tue, 04 Jun 2024 03:44:24 GMT - 1.037 ms
GET - /admin/login - Tue, 04 Jun 2024 03:44:37 GMT - 3613.366 ms
POST - /admin/login - Tue, 04 Jun 2024 03:44:52 GMT - 1.295 ms
GET - /admin/dashboard - Tue, 04 Jun 2024 03:44:52 GMT - 16.205 ms
GET - /admin/dashboard - Tue, 04 Jun 2024 03:47:23 GMT - 3670.746 ms
GET - / - Tue, 04 Jun 2024 03:47:27 GMT - 0.293 ms
GET - /admin - Tue, 04 Jun 2024 03:47:35 GMT - 1.518 ms
GET - /admin/login - Tue, 04 Jun 2024 03:47:35 GMT - 7.543 ms
POST - /admin/login - Tue, 04 Jun 2024 03:48:03 GMT - 0.800 ms
GET - /admin/dashboard - Tue, 04 Jun 2024 03:48:03 GMT - 13.443 ms
GET - /admin/logout - Tue, 04 Jun 2024 03:48:05 GMT - 0.792 ms
GET - /admin/login - Tue, 04 Jun 2024 03:48:05 GMT - 7.752 ms
GET - /admin - Tue, 04 Jun 2024 03:48:10 GMT - 0.539 ms
GET - /admin/login - Tue, 04 Jun 2024 03:48:10 GMT - 6.223 ms
GET - /admin/login - Tue, 04 Jun 2024 04:04:18 GMT - 3726.008 ms
GET - /admin/dashboard - Tue, 04 Jun 2024 04:04:35 GMT - 1.431 ms
GET - /admin/login - Tue, 04 Jun 2024 04:04:35 GMT - 7.572 ms
GET - /admin/dashboard - Tue, 04 Jun 2024 04:04:41 GMT - 0.607 ms
GET - /admin/login - Tue, 04 Jun 2024 04:04:41 GMT - 7.283 ms
POST - /admin/login - Tue, 04 Jun 2024 04:04:53 GMT - 0.651 ms
GET - /admin/dashboard - Tue, 04 Jun 2024 04:04:53 GMT - 17.748 ms
GET - /admin/dashboard - Tue, 04 Jun 2024 04:04:56 GMT - 11.510 ms
